# JRE version: OpenJDK Runtime Environment (8.0_152-b26) (build 1.8.0_152-release-1343-b26)
# Java VM: OpenJDK 64-Bit Server VM (25.152-b26 mixed mode bsd-amd64 compressed oops)
Heap:
 par new generation   total 39296K, used 6664K [0x0000000791200000, 0x0000000793ca0000, 0x00000007a0c00000)
  eden space 34944K,  13% used [0x0000000791200000, 0x00000007916c4c78, 0x0000000793420000)
  from space 4352K,  40% used [0x0000000793420000, 0x00000007935dd490, 0x0000000793860000)
  to   space 4352K,   0% used [0x0000000793860000, 0x0000000793860000, 0x0000000793ca0000)
 concurrent mark-sweep generation total 294252K, used 230566K [0x00000007a0c00000, 0x00000007b2b5b000, 0x00000007c0000000)
 Metaspace       used 243156K, capacity 259192K, committed 259356K, reserved 1275904K
  class space    used 29215K, capacity 32049K, committed 32092K, reserved 1048576K
GC Heap History (10 events):
Event: 37270.561 GC heap before
{Heap before GC invocations=1121 (full 12):
 par new generation   total 39296K, used 35924K [0x0000000791200000, 0x0000000793ca0000, 0x00000007a0c00000)
  eden space 34944K, 100% used [0x0000000791200000, 0x0000000793420000, 0x0000000793420000)
  from space 4352K,  22% used [0x0000000793860000, 0x00000007939550f0, 0x0000000793ca0000)
  to   space 4352K,   0% used [0x0000000793420000, 0x0000000793420000, 0x0000000793860000)
 concurrent mark-sweep generation total 294252K, used 230070K [0x00000007a0c00000, 0x00000007b2b5b000, 0x00000007c0000000)
 Metaspace       used 243093K, capacity 259078K, committed 259356K, reserved 1275904K
  class space    used 29209K, capacity 32040K, committed 32092K, reserved 1048576K
Event: 37270.566 GC heap after
Heap after GC invocations=1122 (full 12):
 par new generation   total 39296K, used 933K [0x0000000791200000, 0x0000000793ca0000, 0x00000007a0c00000)
  eden space 34944K,   0% used [0x0000000791200000, 0x0000000791200000, 0x0000000793420000)
  from space 4352K,  21% used [0x0000000793420000, 0x0000000793509600, 0x0000000793860000)
  to   space 4352K,   0% used [0x0000000793860000, 0x0000000793860000, 0x0000000793ca0000)
 concurrent mark-sweep generation total 294252K, used 230092K [0x00000007a0c00000, 0x00000007b2b5b000, 0x00000007c0000000)
 Metaspace       used 243093K, capacity 259078K, committed 259356K, reserved 1275904K
  class space    used 29209K, capacity 32040K, committed 32092K, reserved 1048576K
}
Event: 37279.382 GC heap before
{Heap before GC invocations=1122 (full 12):
 par new generation   total 39296K, used 35877K [0x0000000791200000, 0x0000000793ca0000, 0x00000007a0c00000)
  eden space 34944K, 100% used [0x0000000791200000, 0x0000000793420000, 0x0000000793420000)
  from space 4352K,  21% used [0x0000000793420000, 0x0000000793509600, 0x0000000793860000)
  to   space 4352K,   0% used [0x0000000793860000, 0x0000000793860000, 0x0000000793ca0000)
 concurrent mark-sweep generation total 294252K, used 230092K [0x00000007a0c00000, 0x00000007b2b5b000, 0x00000007c0000000)
 Metaspace       used 243093K, capacity 259078K, committed 259356K, reserved 1275904K
  class space    used 29209K, capacity 32040K, committed 32092K, reserved 1048576K
Event: 37279.388 GC heap after
Heap after GC invocations=1123 (full 12):
 par new generation   total 39296K, used 906K [0x0000000791200000, 0x0000000793ca0000, 0x00000007a0c00000)
  eden space 34944K,   0% used [0x0000000791200000, 0x0000000791200000, 0x0000000793420000)
  from space 4352K,  20% used [0x0000000793860000, 0x0000000793942a00, 0x0000000793ca0000)
  to   space 4352K,   0% used [0x0000000793420000, 0x0000000793420000, 0x0000000793860000)
 concurrent mark-sweep generation total 294252K, used 230096K [0x00000007a0c00000, 0x00000007b2b5b000, 0x00000007c0000000)
 Metaspace       used 243093K, capacity 259078K, committed 259356K, reserved 1275904K
  class space    used 29209K, capacity 32040K, committed 32092K, reserved 1048576K
}
Event: 37284.662 GC heap before
{Heap before GC invocations=1123 (full 12):
 par new generation   total 39296K, used 35850K [0x0000000791200000, 0x0000000793ca0000, 0x00000007a0c00000)
  eden space 34944K, 100% used [0x0000000791200000, 0x0000000793420000, 0x0000000793420000)
  from space 4352K,  20% used [0x0000000793860000, 0x0000000793942a00, 0x0000000793ca0000)
  to   space 4352K,   0% used [0x0000000793420000, 0x0000000793420000, 0x0000000793860000)
 concurrent mark-sweep generation total 294252K, used 230096K [0x00000007a0c00000, 0x00000007b2b5b000, 0x00000007c0000000)
 Metaspace       used 243093K, capacity 259078K, committed 259356K, reserved 1275904K
  class space    used 29209K, capacity 32040K, committed 32092K, reserved 1048576K
Event: 37284.669 GC heap after
Heap after GC invocations=1124 (full 12):
 par new generation   total 39296K, used 854K [0x0000000791200000, 0x0000000793ca0000, 0x00000007a0c00000)
  eden space 34944K,   0% used [0x0000000791200000, 0x0000000791200000, 0x0000000793420000)
  from space 4352K,  19% used [0x0000000793420000, 0x00000007934f5ba0, 0x0000000793860000)
  to   space 4352K,   0% used [0x0000000793860000, 0x0000000793860000, 0x0000000793ca0000)
 concurrent mark-sweep generation total 294252K, used 230202K [0x00000007a0c00000, 0x00000007b2b5b000, 0x00000007c0000000)
 Metaspace       used 243093K, capacity 259078K, committed 259356K, reserved 1275904K
  class space    used 29209K, capacity 32040K, committed 32092K, reserved 1048576K
}
Event: 37287.302 GC heap before
{Heap before GC invocations=1124 (full 12):
 par new generation   total 39296K, used 35798K [0x0000000791200000, 0x0000000793ca0000, 0x00000007a0c00000)
  eden space 34944K, 100% used [0x0000000791200000, 0x0000000793420000, 0x0000000793420000)
  from space 4352K,  19% used [0x0000000793420000, 0x00000007934f5ba0, 0x0000000793860000)
  to   space 4352K,   0% used [0x0000000793860000, 0x0000000793860000, 0x0000000793ca0000)
 concurrent mark-sweep generation total 294252K, used 230202K [0x00000007a0c00000, 0x00000007b2b5b000, 0x00000007c0000000)
 Metaspace       used 243120K, capacity 259148K, committed 259356K, reserved 1275904K
  class space    used 29211K, capacity 32041K, committed 32092K, reserved 1048576K
Event: 37287.311 GC heap after
Heap after GC invocations=1125 (full 12):
 par new generation   total 39296K, used 1958K [0x0000000791200000, 0x0000000793ca0000, 0x00000007a0c00000)
  eden space 34944K,   0% used [0x0000000791200000, 0x0000000791200000, 0x0000000793420000)
  from space 4352K,  44% used [0x0000000793860000, 0x0000000793a49988, 0x0000000793ca0000)
  to   space 4352K,   0% used [0x0000000793420000, 0x0000000793420000, 0x0000000793860000)
 concurrent mark-sweep generation total 294252K, used 230310K [0x00000007a0c00000, 0x00000007b2b5b000, 0x00000007c0000000)
 Metaspace       used 243120K, capacity 259148K, committed 259356K, reserved 1275904K
  class space    used 29211K, capacity 32041K, committed 32092K, reserved 1048576K
}
Event: 37289.193 GC heap before
{Heap before GC invocations=1125 (full 12):
 par new generation   total 39296K, used 36902K [0x0000000791200000, 0x0000000793ca0000, 0x00000007a0c00000)
  eden space 34944K, 100% used [0x0000000791200000, 0x0000000793420000, 0x0000000793420000)
  from space 4352K,  44% used [0x0000000793860000, 0x0000000793a49988, 0x0000000793ca0000)
  to   space 4352K,   0% used [0x0000000793420000, 0x0000000793420000, 0x0000000793860000)
 concurrent mark-sweep generation total 294252K, used 230310K [0x00000007a0c00000, 0x00000007b2b5b000, 0x00000007c0000000)
 Metaspace       used 243152K, capacity 259184K, committed 259356K, reserved 1275904K
  class space    used 29214K, capacity 32047K, committed 32092K, reserved 1048576K
Event: 37289.201 GC heap after
Heap after GC invocations=1126 (full 12):
 par new generation   total 39296K, used 1781K [0x0000000791200000, 0x0000000793ca0000, 0x00000007a0c00000)
  eden space 34944K,   0% used [0x0000000791200000, 0x0000000791200000, 0x0000000793420000)
  from space 4352K,  40% used [0x0000000793420000, 0x00000007935dd490, 0x0000000793860000)
  to   space 4352K,   0% used [0x0000000793860000, 0x0000000793860000, 0x0000000793ca0000)
 concurrent mark-sweep generation total 294252K, used 230566K [0x00000007a0c00000, 0x00000007b2b5b000, 0x00000007c0000000)
 Metaspace       used 243152K, capacity 259184K, committed 259356K, reserved 1275904K
  class space    used 29214K, capacity 32047K, committed 32092K, reserved 1048576K
}

