# JRE version: OpenJDK Runtime Environment (11.0.5+10) (build 11.0.5+10-b520.17)
# Java VM: OpenJDK 64-Bit Server VM (11.0.5+10-b520.17, mixed mode, tiered, compressed oops, concurrent mark sweep gc, bsd-amd64)
Heap:
 par new generation   total 39296K, used 13942K [0x00000007c0000000, 0x00000007c2aa0000, 0x00000007d5550000)
  eden space 34944K,  32% used [0x00000007c0000000, 0x00000007c0b09b28, 0x00000007c2220000)
  from space 4352K,  60% used [0x00000007c2660000, 0x00000007c28f4068, 0x00000007c2aa0000)
  to   space 4352K,   0% used [0x00000007c2220000, 0x00000007c2220000, 0x00000007c2660000)
 concurrent mark-sweep generation total 294088K, used 265729K [0x00000007d5550000, 0x00000007e7482000, 0x0000000800000000)
 Metaspace       used 215257K, capacity 222500K, committed 222668K, reserved 1245184K
  class space    used 25291K, capacity 28141K, committed 28204K, reserved 1048576K
GC Heap History (20 events):
Event: 26952.509 GC heap before
{Heap before GC invocations=781 (full 11):
 par new generation   total 39296K, used 36079K [0x00000007c0000000, 0x00000007c2aa0000, 0x00000007d5550000)
  eden space 34944K, 100% used [0x00000007c0000000, 0x00000007c2220000, 0x00000007c2220000)
  from space 4352K,  26% used [0x00000007c2660000, 0x00000007c277bd70, 0x00000007c2aa0000)
  to   space 4352K,   0% used [0x00000007c2220000, 0x00000007c2220000, 0x00000007c2660000)
 concurrent mark-sweep generation total 277768K, used 248592K [0x00000007d5550000, 0x00000007e6492000, 0x0000000800000000)
 Metaspace       used 214880K, capacity 222134K, committed 222284K, reserved 1245184K
  class space    used 25245K, capacity 28069K, committed 28076K, reserved 1048576K
}
Event: 26952.512 GC heap after
{Heap after GC invocations=782 (full 11):
 par new generation   total 39296K, used 1096K [0x00000007c0000000, 0x00000007c2aa0000, 0x00000007d5550000)
  eden space 34944K,   0% used [0x00000007c0000000, 0x00000007c0000000, 0x00000007c2220000)
  from space 4352K,  25% used [0x00000007c2220000, 0x00000007c2332218, 0x00000007c2660000)
  to   space 4352K,   0% used [0x00000007c2660000, 0x00000007c2660000, 0x00000007c2aa0000)
 concurrent mark-sweep generation total 277768K, used 248592K [0x00000007d5550000, 0x00000007e6492000, 0x0000000800000000)
 Metaspace       used 214880K, capacity 222134K, committed 222284K, reserved 1245184K
  class space    used 25245K, capacity 28069K, committed 28076K, reserved 1048576K
}
Event: 27005.536 GC heap before
{Heap before GC invocations=782 (full 11):
 par new generation   total 39296K, used 36040K [0x00000007c0000000, 0x00000007c2aa0000, 0x00000007d5550000)
  eden space 34944K, 100% used [0x00000007c0000000, 0x00000007c2220000, 0x00000007c2220000)
  from space 4352K,  25% used [0x00000007c2220000, 0x00000007c2332218, 0x00000007c2660000)
  to   space 4352K,   0% used [0x00000007c2660000, 0x00000007c2660000, 0x00000007c2aa0000)
 concurrent mark-sweep generation total 277768K, used 248592K [0x00000007d5550000, 0x00000007e6492000, 0x0000000800000000)
 Metaspace       used 214902K, capacity 222134K, committed 222284K, reserved 1245184K
  class space    used 25245K, capacity 28069K, committed 28076K, reserved 1048576K
}
Event: 27005.541 GC heap after
{Heap after GC invocations=783 (full 11):
 par new generation   total 39296K, used 1211K [0x00000007c0000000, 0x00000007c2aa0000, 0x00000007d5550000)
  eden space 34944K,   0% used [0x00000007c0000000, 0x00000007c0000000, 0x00000007c2220000)
  from space 4352K,  27% used [0x00000007c2660000, 0x00000007c278ed20, 0x00000007c2aa0000)
  to   space 4352K,   0% used [0x00000007c2220000, 0x00000007c2220000, 0x00000007c2660000)
 concurrent mark-sweep generation total 277768K, used 248592K [0x00000007d5550000, 0x00000007e6492000, 0x0000000800000000)
 Metaspace       used 214902K, capacity 222134K, committed 222284K, reserved 1245184K
  class space    used 25245K, capacity 28069K, committed 28076K, reserved 1048576K
}
Event: 27417.457 GC heap before
{Heap before GC invocations=783 (full 11):
 par new generation   total 39296K, used 36155K [0x00000007c0000000, 0x00000007c2aa0000, 0x00000007d5550000)
  eden space 34944K, 100% used [0x00000007c0000000, 0x00000007c2220000, 0x00000007c2220000)
  from space 4352K,  27% used [0x00000007c2660000, 0x00000007c278ed20, 0x00000007c2aa0000)
  to   space 4352K,   0% used [0x00000007c2220000, 0x00000007c2220000, 0x00000007c2660000)
 concurrent mark-sweep generation total 277768K, used 248592K [0x00000007d5550000, 0x00000007e6492000, 0x0000000800000000)
 Metaspace       used 214911K, capacity 222135K, committed 222284K, reserved 1245184K
  class space    used 25245K, capacity 28069K, committed 28076K, reserved 1048576K
}
Event: 27417.480 GC heap after
{Heap after GC invocations=784 (full 11):
 par new generation   total 39296K, used 3716K [0x00000007c0000000, 0x00000007c2aa0000, 0x00000007d5550000)
  eden space 34944K,   0% used [0x00000007c0000000, 0x00000007c0000000, 0x00000007c2220000)
  from space 4352K,  85% used [0x00000007c2220000, 0x00000007c25c1140, 0x00000007c2660000)
  to   space 4352K,   0% used [0x00000007c2660000, 0x00000007c2660000, 0x00000007c2aa0000)
 concurrent mark-sweep generation total 277768K, used 248592K [0x00000007d5550000, 0x00000007e6492000, 0x0000000800000000)
 Metaspace       used 214911K, capacity 222135K, committed 222284K, reserved 1245184K
  class space    used 25245K, capacity 28069K, committed 28076K, reserved 1048576K
}
Event: 27417.630 GC heap before
{Heap before GC invocations=784 (full 11):
 par new generation   total 39296K, used 38660K [0x00000007c0000000, 0x00000007c2aa0000, 0x00000007d5550000)
  eden space 34944K, 100% used [0x00000007c0000000, 0x00000007c2220000, 0x00000007c2220000)
  from space 4352K,  85% used [0x00000007c2220000, 0x00000007c25c1140, 0x00000007c2660000)
  to   space 4352K,   0% used [0x00000007c2660000, 0x00000007c2660000, 0x00000007c2aa0000)
 concurrent mark-sweep generation total 277768K, used 248592K [0x00000007d5550000, 0x00000007e6492000, 0x0000000800000000)
 Metaspace       used 214923K, capacity 222135K, committed 222284K, reserved 1245184K
  class space    used 25245K, capacity 28069K, committed 28076K, reserved 1048576K
}
Event: 27417.648 GC heap after
{Heap after GC invocations=785 (full 11):
 par new generation   total 39296K, used 4352K [0x00000007c0000000, 0x00000007c2aa0000, 0x00000007d5550000)
  eden space 34944K,   0% used [0x00000007c0000000, 0x00000007c0000000, 0x00000007c2220000)
  from space 4352K, 100% used [0x00000007c2660000, 0x00000007c2aa0000, 0x00000007c2aa0000)
  to   space 4352K,   0% used [0x00000007c2220000, 0x00000007c2220000, 0x00000007c2660000)
 concurrent mark-sweep generation total 279496K, used 250576K [0x00000007d5550000, 0x00000007e6642000, 0x0000000800000000)
 Metaspace       used 214923K, capacity 222135K, committed 222284K, reserved 1245184K
  class space    used 25245K, capacity 28069K, committed 28076K, reserved 1048576K
}
Event: 27417.733 GC heap before
{Heap before GC invocations=785 (full 11):
 par new generation   total 39296K, used 39296K [0x00000007c0000000, 0x00000007c2aa0000, 0x00000007d5550000)
  eden space 34944K, 100% used [0x00000007c0000000, 0x00000007c2220000, 0x00000007c2220000)
  from space 4352K, 100% used [0x00000007c2660000, 0x00000007c2aa0000, 0x00000007c2aa0000)
  to   space 4352K,   0% used [0x00000007c2220000, 0x00000007c2220000, 0x00000007c2660000)
 concurrent mark-sweep generation total 279496K, used 250576K [0x00000007d5550000, 0x00000007e6642000, 0x0000000800000000)
 Metaspace       used 214935K, capacity 222135K, committed 222284K, reserved 1245184K
  class space    used 25245K, capacity 28069K, committed 28076K, reserved 1048576K
}
Event: 27417.740 GC heap after
{Heap after GC invocations=786 (full 11):
 par new generation   total 39296K, used 4352K [0x00000007c0000000, 0x00000007c2aa0000, 0x00000007d5550000)
  eden space 34944K,   0% used [0x00000007c0000000, 0x00000007c0000000, 0x00000007c2220000)
  from space 4352K, 100% used [0x00000007c2220000, 0x00000007c2660000, 0x00000007c2660000)
  to   space 4352K,   0% used [0x00000007c2660000, 0x00000007c2660000, 0x00000007c2aa0000)
 concurrent mark-sweep generation total 282568K, used 253842K [0x00000007d5550000, 0x00000007e6942000, 0x0000000800000000)
 Metaspace       used 214935K, capacity 222135K, committed 222284K, reserved 1245184K
  class space    used 25245K, capacity 28069K, committed 28076K, reserved 1048576K
}
Event: 27417.823 GC heap before
{Heap before GC invocations=786 (full 11):
 par new generation   total 39296K, used 39296K [0x00000007c0000000, 0x00000007c2aa0000, 0x00000007d5550000)
  eden space 34944K, 100% used [0x00000007c0000000, 0x00000007c2220000, 0x00000007c2220000)
  from space 4352K, 100% used [0x00000007c2220000, 0x00000007c2660000, 0x00000007c2660000)
  to   space 4352K,   0% used [0x00000007c2660000, 0x00000007c2660000, 0x00000007c2aa0000)
 concurrent mark-sweep generation total 282568K, used 253842K [0x00000007d5550000, 0x00000007e6942000, 0x0000000800000000)
 Metaspace       used 214937K, capacity 222135K, committed 222284K, reserved 1245184K
  class space    used 25245K, capacity 28069K, committed 28076K, reserved 1048576K
}
Event: 27417.827 GC heap after
{Heap after GC invocations=787 (full 11):
 par new generation   total 39296K, used 4352K [0x00000007c0000000, 0x00000007c2aa0000, 0x00000007d5550000)
  eden space 34944K,   0% used [0x00000007c0000000, 0x00000007c0000000, 0x00000007c2220000)
  from space 4352K, 100% used [0x00000007c2660000, 0x00000007c2aa0000, 0x00000007c2aa0000)
  to   space 4352K,   0% used [0x00000007c2220000, 0x00000007c2220000, 0x00000007c2660000)
 concurrent mark-sweep generation total 285448K, used 256766K [0x00000007d5550000, 0x00000007e6c12000, 0x0000000800000000)
 Metaspace       used 214937K, capacity 222135K, committed 222284K, reserved 1245184K
  class space    used 25245K, capacity 28069K, committed 28076K, reserved 1048576K
}
Event: 27417.928 GC heap before
{Heap before GC invocations=787 (full 11):
 par new generation   total 39296K, used 39296K [0x00000007c0000000, 0x00000007c2aa0000, 0x00000007d5550000)
  eden space 34944K, 100% used [0x00000007c0000000, 0x00000007c2220000, 0x00000007c2220000)
  from space 4352K, 100% used [0x00000007c2660000, 0x00000007c2aa0000, 0x00000007c2aa0000)
  to   space 4352K,   0% used [0x00000007c2220000, 0x00000007c2220000, 0x00000007c2660000)
 concurrent mark-sweep generation total 285448K, used 256766K [0x00000007d5550000, 0x00000007e6c12000, 0x0000000800000000)
 Metaspace       used 214944K, capacity 222135K, committed 222284K, reserved 1245184K
  class space    used 25245K, capacity 28069K, committed 28076K, reserved 1048576K
}
Event: 27417.934 GC heap after
{Heap after GC invocations=788 (full 11):
 par new generation   total 39296K, used 4352K [0x00000007c0000000, 0x00000007c2aa0000, 0x00000007d5550000)
  eden space 34944K,   0% used [0x00000007c0000000, 0x00000007c0000000, 0x00000007c2220000)
  from space 4352K, 100% used [0x00000007c2220000, 0x00000007c2660000, 0x00000007c2660000)
  to   space 4352K,   0% used [0x00000007c2660000, 0x00000007c2660000, 0x00000007c2aa0000)
 concurrent mark-sweep generation total 287560K, used 259079K [0x00000007d5550000, 0x00000007e6e22000, 0x0000000800000000)
 Metaspace       used 214944K, capacity 222135K, committed 222284K, reserved 1245184K
  class space    used 25245K, capacity 28069K, committed 28076K, reserved 1048576K
}
Event: 27418.035 GC heap before
{Heap before GC invocations=788 (full 11):
 par new generation   total 39296K, used 39296K [0x00000007c0000000, 0x00000007c2aa0000, 0x00000007d5550000)
  eden space 34944K, 100% used [0x00000007c0000000, 0x00000007c2220000, 0x00000007c2220000)
  from space 4352K, 100% used [0x00000007c2220000, 0x00000007c2660000, 0x00000007c2660000)
  to   space 4352K,   0% used [0x00000007c2660000, 0x00000007c2660000, 0x00000007c2aa0000)
 concurrent mark-sweep generation total 287560K, used 259079K [0x00000007d5550000, 0x00000007e6e22000, 0x0000000800000000)
 Metaspace       used 214944K, capacity 222135K, committed 222284K, reserved 1245184K
  class space    used 25245K, capacity 28069K, committed 28076K, reserved 1048576K
}
Event: 27418.038 GC heap after
{Heap after GC invocations=789 (full 11):
 par new generation   total 39296K, used 2976K [0x00000007c0000000, 0x00000007c2aa0000, 0x00000007d5550000)
  eden space 34944K,   0% used [0x00000007c0000000, 0x00000007c0000000, 0x00000007c2220000)
  from space 4352K,  68% used [0x00000007c2660000, 0x00000007c2948050, 0x00000007c2aa0000)
  to   space 4352K,   0% used [0x00000007c2220000, 0x00000007c2220000, 0x00000007c2660000)
 concurrent mark-sweep generation total 288904K, used 260327K [0x00000007d5550000, 0x00000007e6f72000, 0x0000000800000000)
 Metaspace       used 214944K, capacity 222135K, committed 222284K, reserved 1245184K
  class space    used 25245K, capacity 28069K, committed 28076K, reserved 1048576K
}
Event: 27423.344 GC heap before
{Heap before GC invocations=789 (full 11):
 par new generation   total 39296K, used 37920K [0x00000007c0000000, 0x00000007c2aa0000, 0x00000007d5550000)
  eden space 34944K, 100% used [0x00000007c0000000, 0x00000007c2220000, 0x00000007c2220000)
  from space 4352K,  68% used [0x00000007c2660000, 0x00000007c2948050, 0x00000007c2aa0000)
  to   space 4352K,   0% used [0x00000007c2220000, 0x00000007c2220000, 0x00000007c2660000)
 concurrent mark-sweep generation total 288904K, used 260327K [0x00000007d5550000, 0x00000007e6f72000, 0x0000000800000000)
 Metaspace       used 214945K, capacity 222135K, committed 222284K, reserved 1245184K
  class space    used 25245K, capacity 28069K, committed 28076K, reserved 1048576K
}
Event: 27423.348 GC heap after
{Heap after GC invocations=790 (full 11):
 par new generation   total 39296K, used 4352K [0x00000007c0000000, 0x00000007c2aa0000, 0x00000007d5550000)
  eden space 34944K,   0% used [0x00000007c0000000, 0x00000007c0000000, 0x00000007c2220000)
  from space 4352K, 100% used [0x00000007c2220000, 0x00000007c2660000, 0x00000007c2660000)
  to   space 4352K,   0% used [0x00000007c2660000, 0x00000007c2660000, 0x00000007c2aa0000)
 concurrent mark-sweep generation total 290248K, used 261716K [0x00000007d5550000, 0x00000007e70c2000, 0x0000000800000000)
 Metaspace       used 214945K, capacity 222135K, committed 222284K, reserved 1245184K
  class space    used 25245K, capacity 28069K, committed 28076K, reserved 1048576K
}
Event: 27447.388 GC heap before
{Heap before GC invocations=790 (full 11):
 par new generation   total 39296K, used 39106K [0x00000007c0000000, 0x00000007c2aa0000, 0x00000007d5550000)
  eden space 34944K,  99% used [0x00000007c0000000, 0x00000007c21f0bb0, 0x00000007c2220000)
  from space 4352K, 100% used [0x00000007c2220000, 0x00000007c2660000, 0x00000007c2660000)
  to   space 4352K,   0% used [0x00000007c2660000, 0x00000007c2660000, 0x00000007c2aa0000)
 concurrent mark-sweep generation total 290248K, used 261716K [0x00000007d5550000, 0x00000007e70c2000, 0x0000000800000000)
 Metaspace       used 215234K, capacity 222482K, committed 222668K, reserved 1245184K
  class space    used 25287K, capacity 28136K, committed 28204K, reserved 1048576K
}
Event: 27447.396 GC heap after
{Heap after GC invocations=791 (full 11):
 par new generation   total 39296K, used 2640K [0x00000007c0000000, 0x00000007c2aa0000, 0x00000007d5550000)
  eden space 34944K,   0% used [0x00000007c0000000, 0x00000007c0000000, 0x00000007c2220000)
  from space 4352K,  60% used [0x00000007c2660000, 0x00000007c28f4068, 0x00000007c2aa0000)
  to   space 4352K,   0% used [0x00000007c2220000, 0x00000007c2220000, 0x00000007c2660000)
 concurrent mark-sweep generation total 294088K, used 265729K [0x00000007d5550000, 0x00000007e7482000, 0x0000000800000000)
 Metaspace       used 215234K, capacity 222482K, committed 222668K, reserved 1245184K
  class space    used 25287K, capacity 28136K, committed 28204K, reserved 1048576K
}

