# JRE version: OpenJDK Runtime Environment (8.0_152-b26) (build 1.8.0_152-release-1343-b26)
# Java VM: OpenJDK 64-Bit Server VM (25.152-b26 mixed mode bsd-amd64 compressed oops)
Heap:
 par new generation   total 39296K, used 17080K [0x0000000791200000, 0x0000000793ca0000, 0x00000007a0c00000)
  eden space 34944K,  47% used [0x0000000791200000, 0x000000079221aac8, 0x0000000793420000)
  from space 4352K,  13% used [0x0000000793420000, 0x00000007934b3798, 0x0000000793860000)
  to   space 4352K,   0% used [0x0000000793860000, 0x0000000793860000, 0x0000000793ca0000)
 concurrent mark-sweep generation total 210400K, used 146975K [0x00000007a0c00000, 0x00000007ad978000, 0x00000007c0000000)
 Metaspace       used 246048K, capacity 261786K, committed 262048K, reserved 1280000K
  class space    used 29553K, capacity 32388K, committed 32492K, reserved 1048576K
GC Heap History (10 events):
Event: 17738.641 GC heap before
{Heap before GC invocations=851 (full 10):
 par new generation   total 39296K, used 35860K [0x0000000791200000, 0x0000000793ca0000, 0x00000007a0c00000)
  eden space 34944K, 100% used [0x0000000791200000, 0x0000000793420000, 0x0000000793420000)
  from space 4352K,  21% used [0x0000000793860000, 0x0000000793945010, 0x0000000793ca0000)
  to   space 4352K,   0% used [0x0000000793420000, 0x0000000793420000, 0x0000000793860000)
 concurrent mark-sweep generation total 210400K, used 146644K [0x00000007a0c00000, 0x00000007ad978000, 0x00000007c0000000)
 Metaspace       used 245811K, capacity 261398K, committed 261664K, reserved 1277952K
  class space    used 29517K, capacity 32334K, committed 32364K, reserved 1048576K
Event: 17738.691 GC heap after
Heap after GC invocations=852 (full 10):
 par new generation   total 39296K, used 1073K [0x0000000791200000, 0x0000000793ca0000, 0x00000007a0c00000)
  eden space 34944K,   0% used [0x0000000791200000, 0x0000000791200000, 0x0000000793420000)
  from space 4352K,  24% used [0x0000000793420000, 0x000000079352c468, 0x0000000793860000)
  to   space 4352K,   0% used [0x0000000793860000, 0x0000000793860000, 0x0000000793ca0000)
 concurrent mark-sweep generation total 210400K, used 146644K [0x00000007a0c00000, 0x00000007ad978000, 0x00000007c0000000)
 Metaspace       used 245811K, capacity 261398K, committed 261664K, reserved 1277952K
  class space    used 29517K, capacity 32334K, committed 32364K, reserved 1048576K
}
Event: 17966.880 GC heap before
{Heap before GC invocations=852 (full 10):
 par new generation   total 39296K, used 36017K [0x0000000791200000, 0x0000000793ca0000, 0x00000007a0c00000)
  eden space 34944K, 100% used [0x0000000791200000, 0x0000000793420000, 0x0000000793420000)
  from space 4352K,  24% used [0x0000000793420000, 0x000000079352c468, 0x0000000793860000)
  to   space 4352K,   0% used [0x0000000793860000, 0x0000000793860000, 0x0000000793ca0000)
 concurrent mark-sweep generation total 210400K, used 146644K [0x00000007a0c00000, 0x00000007ad978000, 0x00000007c0000000)
 Metaspace       used 245858K, capacity 261486K, committed 261664K, reserved 1277952K
  class space    used 29524K, capacity 32348K, committed 32364K, reserved 1048576K
Event: 17966.890 GC heap after
Heap after GC invocations=853 (full 10):
 par new generation   total 39296K, used 660K [0x0000000791200000, 0x0000000793ca0000, 0x00000007a0c00000)
  eden space 34944K,   0% used [0x0000000791200000, 0x0000000791200000, 0x0000000793420000)
  from space 4352K,  15% used [0x0000000793860000, 0x0000000793905140, 0x0000000793ca0000)
  to   space 4352K,   0% used [0x0000000793420000, 0x0000000793420000, 0x0000000793860000)
 concurrent mark-sweep generation total 210400K, used 146644K [0x00000007a0c00000, 0x00000007ad978000, 0x00000007c0000000)
 Metaspace       used 245858K, capacity 261486K, committed 261664K, reserved 1277952K
  class space    used 29524K, capacity 32348K, committed 32364K, reserved 1048576K
}
Event: 20135.489 GC heap before
{Heap before GC invocations=853 (full 10):
 par new generation   total 39296K, used 35604K [0x0000000791200000, 0x0000000793ca0000, 0x00000007a0c00000)
  eden space 34944K, 100% used [0x0000000791200000, 0x0000000793420000, 0x0000000793420000)
  from space 4352K,  15% used [0x0000000793860000, 0x0000000793905140, 0x0000000793ca0000)
  to   space 4352K,   0% used [0x0000000793420000, 0x0000000793420000, 0x0000000793860000)
 concurrent mark-sweep generation total 210400K, used 146644K [0x00000007a0c00000, 0x00000007ad978000, 0x00000007c0000000)
 Metaspace       used 245968K, capacity 261748K, committed 262048K, reserved 1280000K
  class space    used 29542K, capacity 32381K, committed 32492K, reserved 1048576K
Event: 20135.542 GC heap after
Heap after GC invocations=854 (full 10):
 par new generation   total 39296K, used 752K [0x0000000791200000, 0x0000000793ca0000, 0x00000007a0c00000)
  eden space 34944K,   0% used [0x0000000791200000, 0x0000000791200000, 0x0000000793420000)
  from space 4352K,  17% used [0x0000000793420000, 0x00000007934dc2c0, 0x0000000793860000)
  to   space 4352K,   0% used [0x0000000793860000, 0x0000000793860000, 0x0000000793ca0000)
 concurrent mark-sweep generation total 210400K, used 146644K [0x00000007a0c00000, 0x00000007ad978000, 0x00000007c0000000)
 Metaspace       used 245968K, capacity 261748K, committed 262048K, reserved 1280000K
  class space    used 29542K, capacity 32381K, committed 32492K, reserved 1048576K
}
Event: 28410.895 GC heap before
{Heap before GC invocations=854 (full 10):
 par new generation   total 39296K, used 35696K [0x0000000791200000, 0x0000000793ca0000, 0x00000007a0c00000)
  eden space 34944K, 100% used [0x0000000791200000, 0x0000000793420000, 0x0000000793420000)
  from space 4352K,  17% used [0x0000000793420000, 0x00000007934dc2c0, 0x0000000793860000)
  to   space 4352K,   0% used [0x0000000793860000, 0x0000000793860000, 0x0000000793ca0000)
 concurrent mark-sweep generation total 210400K, used 146644K [0x00000007a0c00000, 0x00000007ad978000, 0x00000007c0000000)
 Metaspace       used 245983K, capacity 261760K, committed 262048K, reserved 1280000K
  class space    used 29543K, capacity 32383K, committed 32492K, reserved 1048576K
Event: 28411.024 GC heap after
Heap after GC invocations=855 (full 10):
 par new generation   total 39296K, used 940K [0x0000000791200000, 0x0000000793ca0000, 0x00000007a0c00000)
  eden space 34944K,   0% used [0x0000000791200000, 0x0000000791200000, 0x0000000793420000)
  from space 4352K,  21% used [0x0000000793860000, 0x000000079394b1f0, 0x0000000793ca0000)
  to   space 4352K,   0% used [0x0000000793420000, 0x0000000793420000, 0x0000000793860000)
 concurrent mark-sweep generation total 210400K, used 146645K [0x00000007a0c00000, 0x00000007ad978000, 0x00000007c0000000)
 Metaspace       used 245983K, capacity 261760K, committed 262048K, reserved 1280000K
  class space    used 29543K, capacity 32383K, committed 32492K, reserved 1048576K
}
Event: 32155.341 GC heap before
{Heap before GC invocations=855 (full 10):
 par new generation   total 39296K, used 35884K [0x0000000791200000, 0x0000000793ca0000, 0x00000007a0c00000)
  eden space 34944K, 100% used [0x0000000791200000, 0x0000000793420000, 0x0000000793420000)
  from space 4352K,  21% used [0x0000000793860000, 0x000000079394b1f0, 0x0000000793ca0000)
  to   space 4352K,   0% used [0x0000000793420000, 0x0000000793420000, 0x0000000793860000)
 concurrent mark-sweep generation total 210400K, used 146645K [0x00000007a0c00000, 0x00000007ad978000, 0x00000007c0000000)
 Metaspace       used 246020K, capacity 261760K, committed 262048K, reserved 1280000K
  class space    used 29548K, capacity 32383K, committed 32492K, reserved 1048576K
Event: 32155.407 GC heap after
Heap after GC invocations=856 (full 10):
 par new generation   total 39296K, used 589K [0x0000000791200000, 0x0000000793ca0000, 0x00000007a0c00000)
  eden space 34944K,   0% used [0x0000000791200000, 0x0000000791200000, 0x0000000793420000)
  from space 4352K,  13% used [0x0000000793420000, 0x00000007934b3798, 0x0000000793860000)
  to   space 4352K,   0% used [0x0000000793860000, 0x0000000793860000, 0x0000000793ca0000)
 concurrent mark-sweep generation total 210400K, used 146975K [0x00000007a0c00000, 0x00000007ad978000, 0x00000007c0000000)
 Metaspace       used 246020K, capacity 261760K, committed 262048K, reserved 1280000K
  class space    used 29548K, capacity 32383K, committed 32492K, reserved 1048576K
}

