# JRE version: OpenJDK Runtime Environment (11.0.5+10) (build 11.0.5+10-b520.17)
# Java VM: OpenJDK 64-Bit Server VM (11.0.5+10-b520.17, mixed mode, tiered, compressed oops, concurrent mark sweep gc, bsd-amd64)
Heap:
 par new generation   total 39296K, used 28737K [0x00000007c0000000, 0x00000007c2aa0000, 0x00000007d5550000)
  eden space 34944K,  73% used [0x00000007c0000000, 0x00000007c18f89a0, 0x00000007c2220000)
  from space 4352K,  72% used [0x00000007c2220000, 0x00000007c2537c50, 0x00000007c2660000)
  to   space 4352K,   0% used [0x00000007c2660000, 0x00000007c2660000, 0x00000007c2aa0000)
 concurrent mark-sweep generation total 142144K, used 107399K [0x00000007d5550000, 0x00000007de020000, 0x0000000800000000)
 Metaspace       used 153239K, capacity 158261K, committed 158588K, reserved 1187840K
  class space    used 18806K, capacity 20764K, committed 20828K, reserved 1048576K
GC Heap History (20 events):
Event: 479.748 GC heap before
{Heap before GC invocations=28 (full 6):
 par new generation   total 39296K, used 36431K [0x00000007c0000000, 0x00000007c2aa0000, 0x00000007d5550000)
  eden space 34944K, 100% used [0x00000007c0000000, 0x00000007c2220000, 0x00000007c2220000)
  from space 4352K,  34% used [0x00000007c2220000, 0x00000007c2393ed0, 0x00000007c2660000)
  to   space 4352K,   0% used [0x00000007c2660000, 0x00000007c2660000, 0x00000007c2aa0000)
 concurrent mark-sweep generation total 142144K, used 87625K [0x00000007d5550000, 0x00000007de020000, 0x0000000800000000)
 Metaspace       used 148310K, capacity 152857K, committed 153596K, reserved 1183744K
  class space    used 18246K, capacity 20024K, committed 20188K, reserved 1048576K
}
Event: 479.751 GC heap after
{Heap after GC invocations=29 (full 6):
 par new generation   total 39296K, used 776K [0x00000007c0000000, 0x00000007c2aa0000, 0x00000007d5550000)
  eden space 34944K,   0% used [0x00000007c0000000, 0x00000007c0000000, 0x00000007c2220000)
  from space 4352K,  17% used [0x00000007c2660000, 0x00000007c2722008, 0x00000007c2aa0000)
  to   space 4352K,   0% used [0x00000007c2220000, 0x00000007c2220000, 0x00000007c2660000)
 concurrent mark-sweep generation total 142144K, used 87625K [0x00000007d5550000, 0x00000007de020000, 0x0000000800000000)
 Metaspace       used 148310K, capacity 152857K, committed 153596K, reserved 1183744K
  class space    used 18246K, capacity 20024K, committed 20188K, reserved 1048576K
}
Event: 1130.200 GC heap before
{Heap before GC invocations=29 (full 6):
 par new generation   total 39296K, used 35720K [0x00000007c0000000, 0x00000007c2aa0000, 0x00000007d5550000)
  eden space 34944K, 100% used [0x00000007c0000000, 0x00000007c2220000, 0x00000007c2220000)
  from space 4352K,  17% used [0x00000007c2660000, 0x00000007c2722008, 0x00000007c2aa0000)
  to   space 4352K,   0% used [0x00000007c2220000, 0x00000007c2220000, 0x00000007c2660000)
 concurrent mark-sweep generation total 142144K, used 87625K [0x00000007d5550000, 0x00000007de020000, 0x0000000800000000)
 Metaspace       used 149067K, capacity 153734K, committed 154236K, reserved 1183744K
  class space    used 18359K, capacity 20184K, committed 20316K, reserved 1048576K
}
Event: 1130.221 GC heap after
{Heap after GC invocations=30 (full 6):
 par new generation   total 39296K, used 1252K [0x00000007c0000000, 0x00000007c2aa0000, 0x00000007d5550000)
  eden space 34944K,   0% used [0x00000007c0000000, 0x00000007c0000000, 0x00000007c2220000)
  from space 4352K,  28% used [0x00000007c2220000, 0x00000007c2359230, 0x00000007c2660000)
  to   space 4352K,   0% used [0x00000007c2660000, 0x00000007c2660000, 0x00000007c2aa0000)
 concurrent mark-sweep generation total 142144K, used 87625K [0x00000007d5550000, 0x00000007de020000, 0x0000000800000000)
 Metaspace       used 149067K, capacity 153734K, committed 154236K, reserved 1183744K
  class space    used 18359K, capacity 20184K, committed 20316K, reserved 1048576K
}
Event: 1717.087 GC heap before
{Heap before GC invocations=30 (full 6):
 par new generation   total 39296K, used 36037K [0x00000007c0000000, 0x00000007c2aa0000, 0x00000007d5550000)
  eden space 34944K,  99% used [0x00000007c0000000, 0x00000007c21f8480, 0x00000007c2220000)
  from space 4352K,  28% used [0x00000007c2220000, 0x00000007c2359230, 0x00000007c2660000)
  to   space 4352K,   0% used [0x00000007c2660000, 0x00000007c2660000, 0x00000007c2aa0000)
 concurrent mark-sweep generation total 142144K, used 87625K [0x00000007d5550000, 0x00000007de020000, 0x0000000800000000)
 Metaspace       used 149533K, capacity 154257K, committed 154492K, reserved 1183744K
  class space    used 18391K, capacity 20226K, committed 20316K, reserved 1048576K
}
Event: 1717.089 GC heap after
{Heap after GC invocations=31 (full 6):
 par new generation   total 39296K, used 1753K [0x00000007c0000000, 0x00000007c2aa0000, 0x00000007d5550000)
  eden space 34944K,   0% used [0x00000007c0000000, 0x00000007c0000000, 0x00000007c2220000)
  from space 4352K,  40% used [0x00000007c2660000, 0x00000007c28167f8, 0x00000007c2aa0000)
  to   space 4352K,   0% used [0x00000007c2220000, 0x00000007c2220000, 0x00000007c2660000)
 concurrent mark-sweep generation total 142144K, used 87625K [0x00000007d5550000, 0x00000007de020000, 0x0000000800000000)
 Metaspace       used 149533K, capacity 154257K, committed 154492K, reserved 1183744K
  class space    used 18391K, capacity 20226K, committed 20316K, reserved 1048576K
}
Event: 1853.203 GC heap before
{Heap before GC invocations=31 (full 6):
 par new generation   total 39296K, used 36644K [0x00000007c0000000, 0x00000007c2aa0000, 0x00000007d5550000)
  eden space 34944K,  99% used [0x00000007c0000000, 0x00000007c2212870, 0x00000007c2220000)
  from space 4352K,  40% used [0x00000007c2660000, 0x00000007c28167f8, 0x00000007c2aa0000)
  to   space 4352K,   0% used [0x00000007c2220000, 0x00000007c2220000, 0x00000007c2660000)
 concurrent mark-sweep generation total 142144K, used 87625K [0x00000007d5550000, 0x00000007de020000, 0x0000000800000000)
 Metaspace       used 151868K, capacity 156844K, committed 156924K, reserved 1185792K
  class space    used 18702K, capacity 20647K, committed 20700K, reserved 1048576K
}
Event: 1853.222 GC heap after
{Heap after GC invocations=32 (full 6):
 par new generation   total 39296K, used 3337K [0x00000007c0000000, 0x00000007c2aa0000, 0x00000007d5550000)
  eden space 34944K,   0% used [0x00000007c0000000, 0x00000007c0000000, 0x00000007c2220000)
  from space 4352K,  76% used [0x00000007c2220000, 0x00000007c25624e8, 0x00000007c2660000)
  to   space 4352K,   0% used [0x00000007c2660000, 0x00000007c2660000, 0x00000007c2aa0000)
 concurrent mark-sweep generation total 142144K, used 87625K [0x00000007d5550000, 0x00000007de020000, 0x0000000800000000)
 Metaspace       used 151868K, capacity 156844K, committed 156924K, reserved 1185792K
  class space    used 18702K, capacity 20647K, committed 20700K, reserved 1048576K
}
Event: 1853.540 GC heap before
{Heap before GC invocations=32 (full 6):
 par new generation   total 39296K, used 38281K [0x00000007c0000000, 0x00000007c2aa0000, 0x00000007d5550000)
  eden space 34944K, 100% used [0x00000007c0000000, 0x00000007c2220000, 0x00000007c2220000)
  from space 4352K,  76% used [0x00000007c2220000, 0x00000007c25624e8, 0x00000007c2660000)
  to   space 4352K,   0% used [0x00000007c2660000, 0x00000007c2660000, 0x00000007c2aa0000)
 concurrent mark-sweep generation total 142144K, used 87625K [0x00000007d5550000, 0x00000007de020000, 0x0000000800000000)
 Metaspace       used 152642K, capacity 157637K, committed 157820K, reserved 1187840K
  class space    used 18773K, capacity 20734K, committed 20828K, reserved 1048576K
}
Event: 1853.556 GC heap after
{Heap after GC invocations=33 (full 6):
 par new generation   total 39296K, used 4352K [0x00000007c0000000, 0x00000007c2aa0000, 0x00000007d5550000)
  eden space 34944K,   0% used [0x00000007c0000000, 0x00000007c0000000, 0x00000007c2220000)
  from space 4352K, 100% used [0x00000007c2660000, 0x00000007c2aa0000, 0x00000007c2aa0000)
  to   space 4352K,   0% used [0x00000007c2220000, 0x00000007c2220000, 0x00000007c2660000)
 concurrent mark-sweep generation total 142144K, used 89411K [0x00000007d5550000, 0x00000007de020000, 0x0000000800000000)
 Metaspace       used 152642K, capacity 157637K, committed 157820K, reserved 1187840K
  class space    used 18773K, capacity 20734K, committed 20828K, reserved 1048576K
}
Event: 1853.710 GC heap before
{Heap before GC invocations=33 (full 6):
 par new generation   total 39296K, used 39296K [0x00000007c0000000, 0x00000007c2aa0000, 0x00000007d5550000)
  eden space 34944K, 100% used [0x00000007c0000000, 0x00000007c2220000, 0x00000007c2220000)
  from space 4352K, 100% used [0x00000007c2660000, 0x00000007c2aa0000, 0x00000007c2aa0000)
  to   space 4352K,   0% used [0x00000007c2220000, 0x00000007c2220000, 0x00000007c2660000)
 concurrent mark-sweep generation total 142144K, used 89411K [0x00000007d5550000, 0x00000007de020000, 0x0000000800000000)
 Metaspace       used 152714K, capacity 157704K, committed 158076K, reserved 1187840K
  class space    used 18773K, capacity 20734K, committed 20828K, reserved 1048576K
}
Event: 1853.723 GC heap after
{Heap after GC invocations=34 (full 6):
 par new generation   total 39296K, used 4352K [0x00000007c0000000, 0x00000007c2aa0000, 0x00000007d5550000)
  eden space 34944K,   0% used [0x00000007c0000000, 0x00000007c0000000, 0x00000007c2220000)
  from space 4352K, 100% used [0x00000007c2220000, 0x00000007c2660000, 0x00000007c2660000)
  to   space 4352K,   0% used [0x00000007c2660000, 0x00000007c2660000, 0x00000007c2aa0000)
 concurrent mark-sweep generation total 142144K, used 93822K [0x00000007d5550000, 0x00000007de020000, 0x0000000800000000)
 Metaspace       used 152714K, capacity 157704K, committed 158076K, reserved 1187840K
  class space    used 18773K, capacity 20734K, committed 20828K, reserved 1048576K
}
Event: 1853.860 GC heap before
{Heap before GC invocations=34 (full 6):
 par new generation   total 39296K, used 39296K [0x00000007c0000000, 0x00000007c2aa0000, 0x00000007d5550000)
  eden space 34944K, 100% used [0x00000007c0000000, 0x00000007c2220000, 0x00000007c2220000)
  from space 4352K, 100% used [0x00000007c2220000, 0x00000007c2660000, 0x00000007c2660000)
  to   space 4352K,   0% used [0x00000007c2660000, 0x00000007c2660000, 0x00000007c2aa0000)
 concurrent mark-sweep generation total 142144K, used 93822K [0x00000007d5550000, 0x00000007de020000, 0x0000000800000000)
 Metaspace       used 152744K, capacity 157705K, committed 158076K, reserved 1187840K
  class space    used 18773K, capacity 20734K, committed 20828K, reserved 1048576K
}
Event: 1853.876 GC heap after
{Heap after GC invocations=35 (full 6):
 par new generation   total 39296K, used 4352K [0x00000007c0000000, 0x00000007c2aa0000, 0x00000007d5550000)
  eden space 34944K,   0% used [0x00000007c0000000, 0x00000007c0000000, 0x00000007c2220000)
  from space 4352K, 100% used [0x00000007c2660000, 0x00000007c2aa0000, 0x00000007c2aa0000)
  to   space 4352K,   0% used [0x00000007c2220000, 0x00000007c2220000, 0x00000007c2660000)
 concurrent mark-sweep generation total 142144K, used 99403K [0x00000007d5550000, 0x00000007de020000, 0x0000000800000000)
 Metaspace       used 152744K, capacity 157705K, committed 158076K, reserved 1187840K
  class space    used 18773K, capacity 20734K, committed 20828K, reserved 1048576K
}
Event: 1854.009 GC heap before
{Heap before GC invocations=35 (full 6):
 par new generation   total 39296K, used 39296K [0x00000007c0000000, 0x00000007c2aa0000, 0x00000007d5550000)
  eden space 34944K, 100% used [0x00000007c0000000, 0x00000007c2220000, 0x00000007c2220000)
  from space 4352K, 100% used [0x00000007c2660000, 0x00000007c2aa0000, 0x00000007c2aa0000)
  to   space 4352K,   0% used [0x00000007c2220000, 0x00000007c2220000, 0x00000007c2660000)
 concurrent mark-sweep generation total 142144K, used 99403K [0x00000007d5550000, 0x00000007de020000, 0x0000000800000000)
 Metaspace       used 152744K, capacity 157705K, committed 158076K, reserved 1187840K
  class space    used 18773K, capacity 20734K, committed 20828K, reserved 1048576K
}
Event: 1854.020 GC heap after
{Heap after GC invocations=36 (full 6):
 par new generation   total 39296K, used 3835K [0x00000007c0000000, 0x00000007c2aa0000, 0x00000007d5550000)
  eden space 34944K,   0% used [0x00000007c0000000, 0x00000007c0000000, 0x00000007c2220000)
  from space 4352K,  88% used [0x00000007c2220000, 0x00000007c25dec38, 0x00000007c2660000)
  to   space 4352K,   0% used [0x00000007c2660000, 0x00000007c2660000, 0x00000007c2aa0000)
 concurrent mark-sweep generation total 142144K, used 104007K [0x00000007d5550000, 0x00000007de020000, 0x0000000800000000)
 Metaspace       used 152744K, capacity 157705K, committed 158076K, reserved 1187840K
  class space    used 18773K, capacity 20734K, committed 20828K, reserved 1048576K
}
Event: 1854.144 GC heap before
{Heap before GC invocations=36 (full 6):
 par new generation   total 39296K, used 38779K [0x00000007c0000000, 0x00000007c2aa0000, 0x00000007d5550000)
  eden space 34944K, 100% used [0x00000007c0000000, 0x00000007c2220000, 0x00000007c2220000)
  from space 4352K,  88% used [0x00000007c2220000, 0x00000007c25dec38, 0x00000007c2660000)
  to   space 4352K,   0% used [0x00000007c2660000, 0x00000007c2660000, 0x00000007c2aa0000)
 concurrent mark-sweep generation total 142144K, used 104007K [0x00000007d5550000, 0x00000007de020000, 0x0000000800000000)
 Metaspace       used 152762K, capacity 157769K, committed 158076K, reserved 1187840K
  class space    used 18773K, capacity 20734K, committed 20828K, reserved 1048576K
}
Event: 1854.146 GC heap after
{Heap after GC invocations=37 (full 6):
 par new generation   total 39296K, used 4352K [0x00000007c0000000, 0x00000007c2aa0000, 0x00000007d5550000)
  eden space 34944K,   0% used [0x00000007c0000000, 0x00000007c0000000, 0x00000007c2220000)
  from space 4352K, 100% used [0x00000007c2660000, 0x00000007c2aa0000, 0x00000007c2aa0000)
  to   space 4352K,   0% used [0x00000007c2220000, 0x00000007c2220000, 0x00000007c2660000)
 concurrent mark-sweep generation total 142144K, used 104023K [0x00000007d5550000, 0x00000007de020000, 0x0000000800000000)
 Metaspace       used 152762K, capacity 157769K, committed 158076K, reserved 1187840K
  class space    used 18773K, capacity 20734K, committed 20828K, reserved 1048576K
}
Event: 1854.320 GC heap before
{Heap before GC invocations=37 (full 6):
 par new generation   total 39296K, used 39241K [0x00000007c0000000, 0x00000007c2aa0000, 0x00000007d5550000)
  eden space 34944K,  99% used [0x00000007c0000000, 0x00000007c22124c8, 0x00000007c2220000)
  from space 4352K, 100% used [0x00000007c2660000, 0x00000007c2aa0000, 0x00000007c2aa0000)
  to   space 4352K,   0% used [0x00000007c2220000, 0x00000007c2220000, 0x00000007c2660000)
 concurrent mark-sweep generation total 142144K, used 104023K [0x00000007d5550000, 0x00000007de020000, 0x0000000800000000)
 Metaspace       used 152983K, capacity 158049K, committed 158332K, reserved 1187840K
  class space    used 18800K, capacity 20760K, committed 20828K, reserved 1048576K
}
Event: 1854.328 GC heap after
{Heap after GC invocations=38 (full 6):
 par new generation   total 39296K, used 3167K [0x00000007c0000000, 0x00000007c2aa0000, 0x00000007d5550000)
  eden space 34944K,   0% used [0x00000007c0000000, 0x00000007c0000000, 0x00000007c2220000)
  from space 4352K,  72% used [0x00000007c2220000, 0x00000007c2537c50, 0x00000007c2660000)
  to   space 4352K,   0% used [0x00000007c2660000, 0x00000007c2660000, 0x00000007c2aa0000)
 concurrent mark-sweep generation total 142144K, used 107399K [0x00000007d5550000, 0x00000007de020000, 0x0000000800000000)
 Metaspace       used 152983K, capacity 158049K, committed 158332K, reserved 1187840K
  class space    used 18800K, capacity 20760K, committed 20828K, reserved 1048576K
}

